<?xml version="1.0" encoding="UTF-8"?>
<!-- Generated by org.testng.reporters.JUnitReportReporter -->
<testsuite hostname="Jun-D-Great" failures="0" tests="1" name="com.jds.config.InitializeDriver" time="2.605" errors="0" timestamp="2024-07-03T16:01:45 GMT-05:00" skipped="0">
  <testcase classname="com.jds.config.InitializeDriver" name="testClass" time="2.605"/>
</testsuite> <!-- com.jds.config.InitializeDriver -->
