<?xml version="1.0" encoding="UTF-8"?>
<!-- Generated by org.testng.reporters.JUnitReportReporter -->
<testsuite hostname="Jun-D-Great" failures="0" tests="1" name="com.jds.main.Main" time="67.290" errors="0" timestamp="2024-07-07T19:58:23 GMT-05:00" skipped="0">
  <testcase classname="com.jds.main.Main" name="startDriver" time="67.290"/>
</testsuite> <!-- com.jds.main.Main -->
